<?xml version="1.0" encoding="UTF-8"?>
<testsuite name="Login to the Platform Manager page" tests="1" skipped="0" failures="0" errors="0" timestamp="2022-05-16T17:15:48" hostname="DESKTOP-EVV2JQ2" time="21.102">
  <properties/>
  <testcase name="Validación del login exitoso" classname="Login to the Platform Manager page" time="21.102"/>
  <system-out><![CDATA[]]></system-out>
  <system-err><![CDATA[Starting ChromeDriver 100.0.4896.60 (6a5d10861ce8de5fce22564658033b43cb7de047-refs/branch-heads/4896@{#875}) on port 14982
Only local connections are allowed.
Please see https://chromedriver.chromium.org/security-considerations for suggestions on keeping ChromeDriver safe.
ChromeDriver was started successfully.
[1652721349.916][WARNING]: This version of ChromeDriver has not been tested with Chrome version 101.
may 16, 2022 12:15:49 PM org.openqa.selenium.remote.ProtocolHandshake createSession
INFORMACIÓN: Detected dialect: W3C
[Test worker] INFO net.thucydides.core.steps.ConsoleLoggingListener - 
        __    _____ _____ ____ _____   ____   _    ____  ____  _____ ____  
  _     \ \  |_   _| ____/ ___|_   _| |  _ \ / \  / ___|/ ___|| ____|  _ \ 
 (_)_____| |   | | |  _| \___ \ | |   | |_) / _ \ \___ \\___ \|  _| | | | |
  _|_____| |   | | | |___ ___) || |   |  __/ ___ \ ___) |___) | |___| |_| |
 (_)     | |   |_| |_____|____/ |_|   |_| /_/   \_\____/|____/|_____|____/ 
        /_/                                                                

TEST PASSED: Validación del login exitoso
----------------------------------------------------------------------------
]]></system-err>
</testsuite>
